
> @scarlett/ui@0.0.1 build-storybook /media/xo42/th427/Code/scarlett-turbo-2/packages/ui
> storybook build --output-dir\=/tmp/chromatic--41773-r38QRpiLQkdX

[1mstorybook v9.0.6
[22m
info => Cleaning outputDir: [36m../../../../../../../tmp/chromatic--41773-r38QRpiLQkdX[39m
info => Loading presets
info => Building manager..
info => Manager built ([38;2;181;126;229m83 ms[39m)
info => Building preview..
[36mvite v6.3.5 [32mbuilding for production...[36m[39m
transforming...
[32m✓[39m 353 modules transformed.
rendering chunks...
computing gzip size...
[2m../../../../../../../tmp/chromatic--41773-r38QRpiLQkdX/[22m[32miframe.html                                      [39m[1m[2m 17.98 kB[22m[1m[22m[2m │ gzip:   5.08 kB[22m
[2m../../../../../../../tmp/chromatic--41773-r38QRpiLQkdX/[22m[2massets/[22m[35miframe-p7pA1Xto.css                       [39m[1m[2m 48.49 kB[22m[1m[22m[2m │ gzip:  10.32 kB[22m
[2m../../../../../../../tmp/chromatic--41773-r38QRpiLQkdX/[22m[2massets/[22m[36mstorybook-yAYUvwWy.js                     [39m[1m[2m  0.15 kB[22m[1m[22m[2m │ gzip:   0.15 kB[22m
[2m../../../../../../../tmp/chromatic--41773-r38QRpiLQkdX/[22m[2massets/[22m[36mindex-CGQp33zR.js                         [39m[1m[2m  0.47 kB[22m[1m[22m[2m │ gzip:   0.31 kB[22m
[2m../../../../../../../tmp/chromatic--41773-r38QRpiLQkdX/[22m[2massets/[22m[36mScorePanel-CUlltgKv.js                    [39m[1m[2m  0.72 kB[22m[1m[22m[2m │ gzip:   0.36 kB[22m
[2m../../../../../../../tmp/chromatic--41773-r38QRpiLQkdX/[22m[2massets/[22m[36mKaraokeHeader-Vem51M1T.js                 [39m[1m[2m  0.75 kB[22m[1m[22m[2m │ gzip:   0.50 kB[22m
[2m../../../../../../../tmp/chromatic--41773-r38QRpiLQkdX/[22m[2massets/[22m[36mLeaderboardPanel-BmUAYQS3.js              [39m[1m[2m  1.04 kB[22m[1m[22m[2m │ gzip:   0.56 kB[22m
[2m../../../../../../../tmp/chromatic--41773-r38QRpiLQkdX/[22m[2massets/[22m[36mLyricsDisplay-Cr8albcm.js                 [39m[1m[2m  1.12 kB[22m[1m[22m[2m │ gzip:   0.70 kB[22m
[2m../../../../../../../tmp/chromatic--41773-r38QRpiLQkdX/[22m[2massets/[22m[36mTabs-Bg_3GeKP.js                          [39m[1m[2m  1.36 kB[22m[1m[22m[2m │ gzip:   0.65 kB[22m
[2m../../../../../../../tmp/chromatic--41773-r38QRpiLQkdX/[22m[2massets/[22m[36mCard-C7AQe0N0.js                          [39m[1m[2m  1.51 kB[22m[1m[22m[2m │ gzip:   0.53 kB[22m
[2m../../../../../../../tmp/chromatic--41773-r38QRpiLQkdX/[22m[2massets/[22m[36mSplitButton-Dl-0AAZu.js                   [39m[1m[2m  1.66 kB[22m[1m[22m[2m │ gzip:   0.84 kB[22m
[2m../../../../../../../tmp/chromatic--41773-r38QRpiLQkdX/[22m[2massets/[22m[36mScorePanel.stories-BcvgU5ox.js            [39m[1m[2m  1.75 kB[22m[1m[22m[2m │ gzip:   0.59 kB[22m
[2m../../../../../../../tmp/chromatic--41773-r38QRpiLQkdX/[22m[2massets/[22m[36mButton-DEGH0tz4.js                        [39m[1m[2m  1.82 kB[22m[1m[22m[2m │ gzip:   0.90 kB[22m
[2m../../../../../../../tmp/chromatic--41773-r38QRpiLQkdX/[22m[2massets/[22m[36mLyricsDisplay.stories-B7c1K782.js         [39m[1m[2m  2.06 kB[22m[1m[22m[2m │ gzip:   0.85 kB[22m
[2m../../../../../../../tmp/chromatic--41773-r38QRpiLQkdX/[22m[2massets/[22m[36mKaraokeHeader.stories-BOqpofrl.js         [39m[1m[2m  2.23 kB[22m[1m[22m[2m │ gzip:   0.74 kB[22m
[2m../../../../../../../tmp/chromatic--41773-r38QRpiLQkdX/[22m[2massets/[22m[36mShimmerText.stories-C1g9sPNZ.js           [39m[1m[2m  2.27 kB[22m[1m[22m[2m │ gzip:   0.91 kB[22m
[2m../../../../../../../tmp/chromatic--41773-r38QRpiLQkdX/[22m[2massets/[22m[36mSplitButton.stories-DdKJAZlo.js           [39m[1m[2m  2.72 kB[22m[1m[22m[2m │ gzip:   0.79 kB[22m
[2m../../../../../../../tmp/chromatic--41773-r38QRpiLQkdX/[22m[2massets/[22m[36mLeaderboardPanel.stories-DtNCMJj1.js      [39m[1m[2m  2.99 kB[22m[1m[22m[2m │ gzip:   0.88 kB[22m
[2m../../../../../../../tmp/chromatic--41773-r38QRpiLQkdX/[22m[2massets/[22m[36mExtensionKaraokeView.stories-CNQVM2QS.js  [39m[1m[2m  4.96 kB[22m[1m[22m[2m │ gzip:   1.68 kB[22m
[2m../../../../../../../tmp/chromatic--41773-r38QRpiLQkdX/[22m[2massets/[22m[36mFarcasterKaraokeView.stories-DVm_82b3.js  [39m[1m[2m  5.55 kB[22m[1m[22m[2m │ gzip:   1.85 kB[22m
[2m../../../../../../../tmp/chromatic--41773-r38QRpiLQkdX/[22m[2massets/[22m[36mCompletionView.stories-ByAULcpp.js        [39m[1m[2m  6.31 kB[22m[1m[22m[2m │ gzip:   1.95 kB[22m
[2m../../../../../../../tmp/chromatic--41773-r38QRpiLQkdX/[22m[2massets/[22m[36mButton.stories-C7icsb3B.js                [39m[1m[2m  7.08 kB[22m[1m[22m[2m │ gzip:   2.01 kB[22m
[2m../../../../../../../tmp/chromatic--41773-r38QRpiLQkdX/[22m[2massets/[22m[36mCard.stories-CcABVsjQ.js                  [39m[1m[2m  7.40 kB[22m[1m[22m[2m │ gzip:   1.96 kB[22m
[2m../../../../../../../tmp/chromatic--41773-r38QRpiLQkdX/[22m[2massets/[22m[36mTabs.stories-ByBn8-pB.js                  [39m[1m[2m  7.81 kB[22m[1m[22m[2m │ gzip:   1.57 kB[22m
[2m../../../../../../../tmp/chromatic--41773-r38QRpiLQkdX/[22m[2massets/[22m[36mAppShell.stories-BAZcftcn.js              [39m[1m[2m 10.11 kB[22m[1m[22m[2m │ gzip:   2.67 kB[22m
[2m../../../../../../../tmp/chromatic--41773-r38QRpiLQkdX/[22m[2massets/[22m[36mHeader.stories-DUzoAQIp.js                [39m[1m[2m 10.16 kB[22m[1m[22m[2m │ gzip:   2.72 kB[22m
[2m../../../../../../../tmp/chromatic--41773-r38QRpiLQkdX/[22m[2massets/[22m[36mMobileContainer.stories-CdRZteoN.js       [39m[1m[2m 10.33 kB[22m[1m[22m[2m │ gzip:   3.04 kB[22m
[2m../../../../../../../tmp/chromatic--41773-r38QRpiLQkdX/[22m[2massets/[22m[36mFooter.stories-CJNEHHjw.js                [39m[1m[2m 10.55 kB[22m[1m[22m[2m │ gzip:   3.40 kB[22m
[2m../../../../../../../tmp/chromatic--41773-r38QRpiLQkdX/[22m[2massets/[22m[36mcn-ym_MLMVx.js                            [39m[1m[2m 15.83 kB[22m[1m[22m[2m │ gzip:   6.25 kB[22m
[2m../../../../../../../tmp/chromatic--41773-r38QRpiLQkdX/[22m[2massets/[22m[36mColor-AVL7NMMY-B8TMwHC0.js                [39m[1m[2m 29.31 kB[22m[1m[22m[2m │ gzip:  11.03 kB[22m
[2m../../../../../../../tmp/chromatic--41773-r38QRpiLQkdX/[22m[2massets/[22m[36mShimmerText-DNr-ffFh.js                   [39m[1m[2m 60.06 kB[22m[1m[22m[2m │ gzip:  21.61 kB[22m
[2m../../../../../../../tmp/chromatic--41773-r38QRpiLQkdX/[22m[2massets/[22m[36mDocsRenderer-PQXLIZUC-BiC57l5u.js         [39m[1m[33m715.88 kB[39m[22m[2m │ gzip: 231.91 kB[22m
[2m../../../../../../../tmp/chromatic--41773-r38QRpiLQkdX/[22m[2massets/[22m[36miframe-Cbjmfc-G.js                        [39m[1m[33m993.37 kB[39m[22m[2m │ gzip: 271.55 kB[22m
[32m✓ built in 4.40s[39m
info => Preview built ([38;2;181;126;229m5.03 s[39m)
info => Output directory: /tmp/chromatic--41773-r38QRpiLQkdX
